<?xml version="1.0" encoding="UTF-8"?>
<!-- Generated by org.testng.reporters.JUnitReportReporter -->
<testsuite hostname="EGCA1-0091" failures="0" tests="1" name="test.Main" time="19.219" errors="0" timestamp="2022-01-07T18:06:30 EET" skipped="0">
  <testcase classname="test.Main" name="startChrome" time="19.219"/>
  <system-out/>
</testsuite> <!-- test.Main -->
